<?xml version="1.0" encoding="UTF-8"?>
<!-- Generated by org.testng.reporters.JUnitReportReporter -->
<testsuite skipped="0" hostname="LAPTOP-GGIFE68G" name="day10.testNGExamples.Example7" tests="1" failures="0" timestamp="2022-10-19T16:43:33 IST" time="51.768" errors="0">
  <testcase name="loginlogoutinActitimeApplication" time="51.768" classname="day10.testNGExamples.Example7"/>
  <system-out/>
</testsuite> <!-- day10.testNGExamples.Example7 -->
