<?xml version="1.0" encoding="UTF-8"?>
<!-- Generated by org.testng.reporters.JUnitReportReporter -->
<testsuite skipped="0" hostname="LAPTOP-GGIFE68G" name="day10.testNGExamples.Sample3" tests="3" failures="0" timestamp="2022-10-18T22:32:47 IST" time="0.008" errors="0">
  <testcase name="tc1" time="0.001" classname="day10.testNGExamples.Sample3"/>
  <system-out/>
  <testcase name="tc4" time="0.001" classname="day10.testNGExamples.Sample3"/>
  <system-out/>
  <testcase name="f" time="0.006" classname="day10.testNGExamples.Sample3"/>
  <system-out/>
</testsuite> <!-- day10.testNGExamples.Sample3 -->
