<?xml version="1.0" encoding="UTF-8"?>
<!-- Generated by org.testng.reporters.JUnitReportReporter -->
<testsuite skipped="0" hostname="LAPTOP-GGIFE68G" name="day10.testNGExamples.Example_Param4" tests="3" failures="0" timestamp="2022-10-19T23:03:10 IST" time="0.016" errors="0">
  <testcase name="signIn" time="0.010" classname="day10.testNGExamples.Example_Param4"/>
  <system-out/>
  <testcase name="login" time="0.001" classname="day10.testNGExamples.Example_Param4"/>
  <system-out/>
  <testcase name="checkNotification" time="0.005" classname="day10.testNGExamples.Example_Param4"/>
  <system-out/>
</testsuite> <!-- day10.testNGExamples.Example_Param4 -->
