<?xml version="1.0" encoding="UTF-8"?>
<!-- Generated by org.testng.reporters.JUnitReportReporter -->
<testsuite skipped="0" hostname="LAPTOP-GGIFE68G" name="day10.testNGExamples.Sample2" tests="4" failures="0" timestamp="2022-10-18T22:26:37 IST" time="0.014" errors="0">
  <testcase name="tc2" time="0.002" classname="day10.testNGExamples.Sample2"/>
  <system-out/>
  <testcase name="tc3" time="0.002" classname="day10.testNGExamples.Sample2"/>
  <system-out/>
  <testcase name="tc4" time="0.001" classname="day10.testNGExamples.Sample2"/>
  <system-out/>
  <testcase name="tc1" time="0.009" classname="day10.testNGExamples.Sample2"/>
  <system-out/>
</testsuite> <!-- day10.testNGExamples.Sample2 -->
