<?xml version="1.0" encoding="UTF-8"?>
<!-- Generated by org.testng.reporters.JUnitReportReporter -->
<testsuite skipped="0" hostname="LAPTOP-GGIFE68G" name="day10.testNGExamples.Example_Param2" tests="3" failures="0" timestamp="2022-10-19T22:52:36 IST" time="0.013" errors="0">
  <testcase name="login" time="0.008" classname="day10.testNGExamples.Example_Param2"/>
  <system-out/>
  <testcase name="sendEmail" time="0.003" classname="day10.testNGExamples.Example_Param2"/>
  <system-out/>
  <testcase name="logout" time="0.002" classname="day10.testNGExamples.Example_Param2"/>
  <system-out/>
</testsuite> <!-- day10.testNGExamples.Example_Param2 -->
